<?xml version="1.0" encoding="UTF-8"?>
<!-- Generated by org.testng.reporters.JUnitReportReporter -->
<testsuite hostname="DESKTOP-1V8NGI2" failures="0" tests="1" name="com.WindowsHandling.WindowsEx" time="28.011" errors="0" timestamp="2022-01-06T18:39:28 IST" skipped="0">
  <testcase classname="com.WindowsHandling.WindowsEx" name="test01" time="28.011"/>
  <system-out/>
</testsuite> <!-- com.WindowsHandling.WindowsEx -->
