<?xml version="1.0" encoding="UTF-8"?>
<!-- Generated by org.testng.reporters.JUnitReportReporter -->
<testsuite hostname="DESKTOP-1V8NGI2" failures="0" tests="1" name="JavaScript.JavaScriptEx" time="48.275" errors="0" timestamp="2022-01-10T09:09:26 IST" skipped="0">
  <testcase classname="JavaScript.JavaScriptEx" name="test01" time="48.275"/>
  <system-out/>
</testsuite> <!-- JavaScript.JavaScriptEx -->
