<?xml version="1.0" encoding="UTF-8"?>
<!-- Generated by org.testng.reporters.JUnitReportReporter -->
<testsuite hostname="DESKTOP-1V8NGI2" failures="0" tests="1" name="FreameHandling.TaskForFrameHandleEx" time="40.112" errors="0" timestamp="2022-01-06T21:06:34 IST" skipped="0">
  <testcase classname="FreameHandling.TaskForFrameHandleEx" name="test01" time="40.112"/>
  <system-out/>
</testsuite> <!-- FreameHandling.TaskForFrameHandleEx -->
