<?xml version="1.0" encoding="UTF-8"?>
<!-- Generated by org.testng.reporters.JUnitReportReporter -->
<testsuite hostname="DESKTOP-1V8NGI2" failures="0" tests="1" name="FreameHandling.FrameHandleEx" time="41.751" errors="0" timestamp="2022-01-05T15:38:09 IST" skipped="0">
  <testcase classname="FreameHandling.FrameHandleEx" name="test01" time="41.751"/>
  <system-out/>
</testsuite> <!-- FreameHandling.FrameHandleEx -->
