<?xml version="1.0" encoding="UTF-8"?>
<!-- Generated by org.testng.reporters.JUnitReportReporter -->
<testsuite hostname="DESKTOP-1V8NGI2" failures="0" tests="1" name="FreameHandling.GoIbibo" time="31.501" errors="0" timestamp="2022-01-07T08:50:54 IST" skipped="0">
  <testcase classname="FreameHandling.GoIbibo" name="Test01" time="31.501"/>
  <system-out/>
</testsuite> <!-- FreameHandling.GoIbibo -->
